[ 2019-08-02T17:26:07+08:00 ] ::1 /x086le/index.php/signin.css
INFO: [ app_init ] --START--
INFO: Run Behavior\BuildLiteBehavior [ RunTime:0.000038s ]
INFO: [ app_init ] --END-- [ RunTime:0.000947s ]
ERR: 无法加载模块:Signin

[ 2019-08-02T17:29:38+08:00 ] ::1 /x086le/index.php/signin.css
INFO: [ app_init ] --START--
INFO: Run Behavior\BuildLiteBehavior [ RunTime:0.000049s ]
INFO: [ app_init ] --END-- [ RunTime:0.000986s ]
ERR: 无法加载模块:Signin

[ 2019-08-02T17:30:46+08:00 ] ::1 /x086le/index.php/signin.css
INFO: [ app_init ] --START--
INFO: Run Behavior\BuildLiteBehavior [ RunTime:0.000032s ]
INFO: [ app_init ] --END-- [ RunTime:0.001004s ]
ERR: 无法加载模块:Signin

[ 2019-08-02T17:32:37+08:00 ] ::1 /x086le/index.php/signin.css
INFO: [ app_init ] --START--
INFO: Run Behavior\BuildLiteBehavior [ RunTime:0.000058s ]
INFO: [ app_init ] --END-- [ RunTime:0.001037s ]
ERR: 无法加载模块:Signin

